============================= test session starts =============================
platform win32 -- Python 3.12.3, pytest-9.0.3, pluggy-1.6.0
benchmark: 5.2.3 (defaults: timer=time.perf_counter disable_gc=False min_rounds=5 min_time=0.000005 max_time=1.0 calibration_precision=10 warmup=False warmup_iterations=100000)
rootdir: C:\Users\yassi\OneDrive\Desktop\ARGUS V3\backend
configfile: pytest.ini
plugins: anyio-4.12.1, Faker-40.13.0, hypothesis-6.151.9, langsmith-0.7.25, asyncio-1.3.0, benchmark-5.2.3, cov-7.1.0, mock-3.15.1, timeout-2.4.0, xdist-3.8.0
asyncio: mode=Mode.AUTO, debug=False, asyncio_default_fixture_loop_scope=None, asyncio_default_test_loop_scope=function
collected 256 items

tests\test_aggregator.py ..................                              [  7%]
tests\test_analyst_grounding.py .                                        [  7%]
tests\test_analyst_schema.py ......                                      [  9%]
tests\test_claim_linkage.py ...                                          [ 10%]
tests\test_claim_support.py ..                                           [ 11%]
tests\test_companies_house.py .......s                                   [ 14%]
tests\test_consulting_modes.py ..                                        [ 15%]
tests\test_consulting_modes_resolver.py .........                        [ 19%]
tests\test_contradiction_policy.py ...                                   [ 20%]
tests\test_deliverable.py ...                                            [ 21%]
tests\test_demo_fixtures.py ..............                               [ 26%]
tests\test_demo_mode.py ...............                                  [ 32%]
tests\test_edgar_chunker.py .......                                      [ 35%]
tests\test_edgar_client.py ...........s                                  [ 40%]
tests\test_edgar_parser.py .........                                     [ 43%]
tests\test_eval_rubric.py ..                                             [ 44%]
tests\test_evidence.py .......                                           [ 47%]
tests\test_evidence_gates.py ....                                        [ 48%]
tests\test_evidence_graph.py .                                           [ 49%]
tests\test_golden_eval.py ...                                            [ 50%]
tests\test_golden_harness.py .                                           [ 50%]
tests\test_layered_modes_pipeline.py ......                              [ 53%]
tests\test_lexical_overlap.py .................                          [ 59%]
tests\test_model_router.py .....                                         [ 61%]
tests\test_multi_provider_smoke.py ...                                   [ 62%]
tests\test_news_retrieval.py .....                                       [ 64%]
tests\test_numeric_normalizer.py ....................................    [ 78%]
tests\test_parsers.py ....                                               [ 80%]
tests\test_reasoning_skeleton.py ...                                     [ 81%]
tests\test_structured_outputs_multi_provider.py ............             [ 86%]
tests\test_task_aware_retrieval.py ....                                  [ 87%]
tests\test_transcripts_chunker.py ........                               [ 91%]
tests\test_transcripts_ingest.py ..s                                     [ 92%]
tests\test_ui_evidence_graph.py .................                        [ 98%]
tests\test_verification_validate.py ..                                   [ 99%]
tests\test_writer_payload.py .                                           [100%]

============================== warnings summary ===============================
..\..\..\..\AppData\Local\Programs\Python\Python312\Lib\site-packages\spacy\cli\_util.py:23
  C:\Users\yassi\AppData\Local\Programs\Python\Python312\Lib\site-packages\spacy\cli\_util.py:23: DeprecationWarning: Importing 'parser.split_arg_string' is deprecated, it will only be available in 'shell_completion' in Click 9.0.
    from click.parser import split_arg_string

..\..\..\..\AppData\Local\Programs\Python\Python312\Lib\site-packages\pydantic\_internal\_config.py:295
  C:\Users\yassi\AppData\Local\Programs\Python\Python312\Lib\site-packages\pydantic\_internal\_config.py:295: PydanticDeprecatedSince20: Support for class-based `config` is deprecated, use ConfigDict instead. Deprecated in Pydantic V2.0 to be removed in V3.0. See Pydantic V2 Migration Guide at https://errors.pydantic.dev/2.10/migration/
    warnings.warn(DEPRECATION_MESSAGE, DeprecationWarning)

..\..\..\..\AppData\Local\Programs\Python\Python312\Lib\site-packages\litellm\utils.py:98
  C:\Users\yassi\AppData\Local\Programs\Python\Python312\Lib\site-packages\litellm\utils.py:98: DeprecationWarning: open_text is deprecated. Use files() instead. Refer to https://importlib-resources.readthedocs.io/en/latest/using.html#migrating-from-legacy for migration advice.
    with resources.open_text("litellm.llms.tokenizers", "anthropic_tokenizer.json") as f:

tests/test_edgar_parser.py::test_unknown_section_handling_on_malformed_html
  C:\Users\yassi\AppData\Local\Programs\Python\Python312\Lib\site-packages\bs4\builder\_lxml.py:124: DeprecationWarning: The 'strip_cdata' option of HTMLParser() has never done anything and will eventually be removed.
    parser = parser(

-- Docs: https://docs.pytest.org/en/stable/how-to/capture-warnings.html
=========== 253 passed, 3 skipped, 4 warnings in 405.14s (0:06:45) ============
